<?xml version="1.0" encoding="UTF-8"?>
<!-- Generated by org.testng.reporters.JUnitReportReporter -->
<testsuite skipped="0" hostname="DESKTOP-DF7DQ03" name="testNgpractice.DataProviderWithITextContext" tests="6" failures="0" timestamp="2022-12-14T21:29:04 IST" time="0.028" errors="0">
  <testcase name="substraction" time="0.003" classname="testNgpractice.DataProviderWithITextContext"/>
  <system-out/>
  <testcase name="substraction" time="0.004" classname="testNgpractice.DataProviderWithITextContext"/>
  <system-out/>
  <testcase name="stringman" time="0.002" classname="testNgpractice.DataProviderWithITextContext"/>
  <system-out/>
  <testcase name="addition" time="0.012" classname="testNgpractice.DataProviderWithITextContext"/>
  <system-out/>
  <testcase name="addition" time="0.004" classname="testNgpractice.DataProviderWithITextContext"/>
  <system-out/>
  <testcase name="stringman" time="0.003" classname="testNgpractice.DataProviderWithITextContext"/>
  <system-out/>
</testsuite> <!-- testNgpractice.DataProviderWithITextContext -->
