<?xml version="1.0" encoding="UTF-8"?>
<!-- Generated by org.testng.reporters.JUnitReportReporter -->
<testsuite skipped="0" hostname="DESKTOP-DF7DQ03" name="testNgpractice.UsingDataProviderInAnotherClass" tests="3" failures="0" timestamp="2022-11-01T12:15:15 IST" time="0.000" errors="0">
  <testcase name="method1" time="0.000" classname="testNgpractice.UsingDataProviderInAnotherClass"/>
  <system-out/>
  <testcase name="method1" time="0.000" classname="testNgpractice.UsingDataProviderInAnotherClass"/>
  <system-out/>
  <testcase name="method1" time="0.000" classname="testNgpractice.UsingDataProviderInAnotherClass"/>
  <system-out/>
</testsuite> <!-- testNgpractice.UsingDataProviderInAnotherClass -->
