<?xml version="1.0" encoding="UTF-8"?>
<!-- Generated by org.testng.reporters.JUnitReportReporter -->
<testsuite skipped="0" hostname="DESKTOP-DF7DQ03" name="testNgpractice.DataProviderDependsOnMethodNames" tests="9" failures="0" timestamp="2022-11-01T12:43:39 IST" time="0.032" errors="0">
  <testcase name="methodx" time="0.000" classname="testNgpractice.DataProviderDependsOnMethodNames"/>
  <system-out/>
  <testcase name="methody" time="0.000" classname="testNgpractice.DataProviderDependsOnMethodNames"/>
  <system-out/>
  <testcase name="methodx" time="0.016" classname="testNgpractice.DataProviderDependsOnMethodNames"/>
  <system-out/>
  <testcase name="methody" time="0.000" classname="testNgpractice.DataProviderDependsOnMethodNames"/>
  <system-out/>
  <testcase name="methody" time="0.000" classname="testNgpractice.DataProviderDependsOnMethodNames"/>
  <system-out/>
  <testcase name="methodz" time="0.000" classname="testNgpractice.DataProviderDependsOnMethodNames"/>
  <system-out/>
  <testcase name="methodz" time="0.000" classname="testNgpractice.DataProviderDependsOnMethodNames"/>
  <system-out/>
  <testcase name="methodz" time="0.016" classname="testNgpractice.DataProviderDependsOnMethodNames"/>
  <system-out/>
  <testcase name="methodx" time="0.000" classname="testNgpractice.DataProviderDependsOnMethodNames"/>
  <system-out/>
</testsuite> <!-- testNgpractice.DataProviderDependsOnMethodNames -->
