<?xml version="1.0" encoding="UTF-8"?>
<!-- Generated by org.testng.reporters.JUnitReportReporter -->
<testsuite skipped="0" hostname="DESKTOP-DF7DQ03" name="testNgpractice.InvocationCount" tests="5" failures="0" timestamp="2022-12-11T17:11:10 IST" time="0.063" errors="0">
  <testcase name="invoc" time="0.000" classname="testNgpractice.InvocationCount"/>
  <system-out/>
  <testcase name="invoc" time="0.016" classname="testNgpractice.InvocationCount"/>
  <system-out/>
  <testcase name="invoc" time="0.015" classname="testNgpractice.InvocationCount"/>
  <system-out/>
  <testcase name="invoc" time="0.032" classname="testNgpractice.InvocationCount"/>
  <system-out/>
  <testcase name="invoc" time="0.000" classname="testNgpractice.InvocationCount"/>
  <system-out/>
</testsuite> <!-- testNgpractice.InvocationCount -->
