<?xml version="1.0" encoding="UTF-8"?>
<!-- Generated by org.testng.reporters.JUnitReportReporter -->
<testsuite skipped="0" hostname="DESKTOP-DF7DQ03" name="testNgpractice.OptionalAnnotationMethod" tests="1" failures="0" timestamp="2022-12-16T21:49:32 IST" time="0.016" errors="0">
  <testcase name="method1" time="0.016" classname="testNgpractice.OptionalAnnotationMethod"/>
  <system-out/>
</testsuite> <!-- testNgpractice.OptionalAnnotationMethod -->
