<?xml version="1.0" encoding="UTF-8"?>
<!-- Generated by org.testng.reporters.JUnitReportReporter -->
<testsuite skipped="0" hostname="DESKTOP-DF7DQ03" name="testNgpractice.ParallelClass1" tests="2" failures="0" timestamp="2022-12-17T21:13:18 IST" time="0.049" errors="0">
  <testcase name="method2" time="0.003" classname="testNgpractice.ParallelClass1"/>
  <system-out/>
  <testcase name="method1" time="0.046" classname="testNgpractice.ParallelClass1"/>
  <system-out/>
</testsuite> <!-- testNgpractice.ParallelClass1 -->
