<?xml version="1.0" encoding="UTF-8"?>
<!-- Generated by org.testng.reporters.JUnitReportReporter -->
<testsuite skipped="0" hostname="DESKTOP-DF7DQ03" name="testNgpractice.DependsOnMethodsAttribute" tests="2" failures="0" timestamp="2022-11-01T11:47:43 IST" time="0.015" errors="0">
  <testcase name="openBrowser" time="0.015" classname="testNgpractice.DependsOnMethodsAttribute"/>
  <system-out/>
  <testcase name="loginCheck" time="0.000" classname="testNgpractice.DependsOnMethodsAttribute"/>
  <system-out/>
</testsuite> <!-- testNgpractice.DependsOnMethodsAttribute -->
