<?xml version="1.0" encoding="UTF-8"?>
<!-- Generated by org.testng.reporters.JUnitReportReporter -->
<testsuite skipped="0" hostname="DESKTOP-DF7DQ03" name="testNgpractice.ParallelClass2" tests="1" failures="0" timestamp="2022-12-16T23:03:14 IST" time="0.062" errors="0">
  <testcase name="method1" time="0.062" classname="testNgpractice.ParallelClass2"/>
  <system-out/>
</testsuite> <!-- testNgpractice.ParallelClass2 -->
