<?xml version="1.0" encoding="UTF-8"?>
<!-- Generated by org.testng.reporters.JUnitReportReporter -->
<testsuite skipped="0" hostname="DESKTOP-DF7DQ03" name="testNgpractice.CloseBrowser" tests="1" failures="0" timestamp="2022-12-11T16:53:05 IST" time="13.802" errors="0">
  <testcase name="closeBrowser" time="13.802" classname="testNgpractice.CloseBrowser"/>
  <system-out/>
</testsuite> <!-- testNgpractice.CloseBrowser -->
