<?xml version="1.0" encoding="UTF-8"?>
<!-- Generated by org.testng.reporters.JUnitReportReporter -->
<testsuite skipped="0" hostname="DESKTOP-DF7DQ03" name="testNgpractice.ParallelExecutionClass2" tests="2" failures="0" timestamp="2022-11-12T19:51:35 IST" time="0.023" errors="0">
  <testcase name="method1" time="0.017" classname="testNgpractice.ParallelExecutionClass2"/>
  <system-out/>
  <testcase name="method2" time="0.006" classname="testNgpractice.ParallelExecutionClass2"/>
  <system-out/>
</testsuite> <!-- testNgpractice.ParallelExecutionClass2 -->
