<?xml version="1.0" encoding="UTF-8"?>
<!-- Generated by org.testng.reporters.JUnitReportReporter -->
<testsuite skipped="0" hostname="DESKTOP-DF7DQ03" name="testNgpractice.ExpectedConditionsAttribute" tests="1" failures="0" timestamp="2022-11-01T11:14:17 IST" time="13.697" errors="0">
  <testcase name="method3" time="13.697" classname="testNgpractice.ExpectedConditionsAttribute"/>
  <system-out/>
</testsuite> <!-- testNgpractice.ExpectedConditionsAttribute -->
