<?xml version="1.0" encoding="UTF-8"?>
<!-- Generated by org.testng.reporters.JUnitReportReporter -->
<testsuite skipped="0" hostname="DESKTOP-DF7DQ03" name="testNgpractice.DataProviderExample1" tests="3" failures="0" timestamp="2022-11-01T12:06:40 IST" time="0.016" errors="0">
  <testcase name="method2" time="0.000" classname="testNgpractice.DataProviderExample1"/>
  <system-out/>
  <testcase name="method2" time="0.000" classname="testNgpractice.DataProviderExample1"/>
  <system-out/>
  <testcase name="method2" time="0.016" classname="testNgpractice.DataProviderExample1"/>
  <system-out/>
</testsuite> <!-- testNgpractice.DataProviderExample1 -->
