<?xml version="1.0" encoding="UTF-8"?>
<!-- Generated by org.testng.reporters.JUnitReportReporter -->
<testsuite skipped="0" hostname="DESKTOP-DF7DQ03" name="testNgpractice.FactoryClass1" tests="1" failures="0" timestamp="2022-12-16T22:18:31 IST" time="0.014" errors="0">
  <testcase name="method2" time="0.014" classname="testNgpractice.FactoryClass1"/>
  <system-out/>
</testsuite> <!-- testNgpractice.FactoryClass1 -->
