<?xml version="1.0" encoding="UTF-8"?>
<!-- Generated by org.testng.reporters.JUnitReportReporter -->
<testsuite skipped="0" hostname="DESKTOP-DF7DQ03" name="testNgpractice.DataProviderAnnotation" tests="3" failures="0" timestamp="2022-12-14T21:36:57 IST" time="0.023" errors="0">
  <testcase name="method" time="0.002" classname="testNgpractice.DataProviderAnnotation"/>
  <system-out/>
  <testcase name="method" time="0.006" classname="testNgpractice.DataProviderAnnotation"/>
  <system-out/>
  <testcase name="method" time="0.015" classname="testNgpractice.DataProviderAnnotation"/>
  <system-out/>
</testsuite> <!-- testNgpractice.DataProviderAnnotation -->
