<?xml version="1.0" encoding="UTF-8"?>
<!-- Generated by org.testng.reporters.JUnitReportReporter -->
<testsuite skipped="0" hostname="DESKTOP-DF7DQ03" name="testNgpractice.ParameterSuiteFile" tests="2" failures="0" timestamp="2022-12-16T21:42:54 IST" time="0.027" errors="0">
  <testcase name="testmethod" time="0.019" classname="testNgpractice.ParameterSuiteFile"/>
  <system-out/>
  <testcase name="testmethod" time="0.008" classname="testNgpractice.ParameterSuiteFile"/>
  <system-out/>
</testsuite> <!-- testNgpractice.ParameterSuiteFile -->
