<?xml version="1.0" encoding="UTF-8"?>
<!-- Generated by org.testng.reporters.JUnitReportReporter -->
<testsuite skipped="0" hostname="DESKTOP-DF7DQ03" name="testNgpractice.DataProviderMethod" tests="6" failures="0" timestamp="2022-12-12T12:58:38 IST" time="0.024" errors="0">
  <testcase name="testMethod1" time="0.016" classname="testNgpractice.DataProviderMethod"/>
  <system-out/>
  <testcase name="testMethod1" time="0.000" classname="testNgpractice.DataProviderMethod"/>
  <system-out/>
  <testcase name="testMethod1" time="0.000" classname="testNgpractice.DataProviderMethod"/>
  <system-out/>
  <testcase name="testMethod2" time="0.008" classname="testNgpractice.DataProviderMethod"/>
  <system-out/>
  <testcase name="testMethod2" time="0.000" classname="testNgpractice.DataProviderMethod"/>
  <system-out/>
  <testcase name="testMethod2" time="0.000" classname="testNgpractice.DataProviderMethod"/>
  <system-out/>
</testsuite> <!-- testNgpractice.DataProviderMethod -->
