<?xml version="1.0" encoding="UTF-8"?>
<!-- Generated by org.testng.reporters.JUnitReportReporter -->
<testsuite skipped="0" hostname="DESKTOP-DF7DQ03" name="testNgpractice.PriorityAttribute" tests="2" failures="0" timestamp="2022-11-01T11:42:57 IST" time="0.016" errors="0">
  <testcase name="method1" time="0.016" classname="testNgpractice.PriorityAttribute"/>
  <system-out/>
  <testcase name="method2" time="0.000" classname="testNgpractice.PriorityAttribute"/>
  <system-out/>
</testsuite> <!-- testNgpractice.PriorityAttribute -->
