<?xml version="1.0" encoding="UTF-8"?>
<!-- Generated by org.testng.reporters.JUnitReportReporter -->
<testsuite skipped="0" hostname="DESKTOP-DF7DQ03" name="testNgpractice.SuccessPercentageCheck" tests="3" failures="0" timestamp="2022-12-12T11:49:08 IST" time="0.015" errors="0">
  <testcase name="method1" time="0.015" classname="testNgpractice.SuccessPercentageCheck"/>
  <system-out/>
  <testcase name="method1" time="0.000" classname="testNgpractice.SuccessPercentageCheck"/>
  <system-out/>
  <testcase name="method1" time="0.000" classname="testNgpractice.SuccessPercentageCheck"/>
  <system-out/>
</testsuite> <!-- testNgpractice.SuccessPercentageCheck -->
