<?xml version="1.0" encoding="UTF-8"?>
<!-- Generated by org.testng.reporters.JUnitReportReporter -->
<testsuite skipped="0" hostname="DESKTOP-DF7DQ03" name="testNgpractice.Isuit" tests="1" failures="0" timestamp="2022-12-17T21:31:58 IST" time="0.014" errors="0">
  <testcase name="method1" time="0.014" classname="testNgpractice.Isuit"/>
  <system-out/>
</testsuite> <!-- testNgpractice.Isuit -->
