<?xml version="1.0" encoding="UTF-8"?>
<!-- Generated by org.testng.reporters.JUnitReportReporter -->
<testsuite skipped="0" hostname="DESKTOP-DF7DQ03" name="testNgpractice.ExcelDatawithDataProvider" tests="3" failures="0" timestamp="2022-12-15T16:49:53 IST" time="0.026" errors="0">
  <testcase name="getExcelData" time="0.011" classname="testNgpractice.ExcelDatawithDataProvider"/>
  <system-out/>
  <testcase name="getExcelData" time="0.011" classname="testNgpractice.ExcelDatawithDataProvider"/>
  <system-out/>
  <testcase name="getExcelData" time="0.004" classname="testNgpractice.ExcelDatawithDataProvider"/>
  <system-out/>
</testsuite> <!-- testNgpractice.ExcelDatawithDataProvider -->
