<?xml version="1.0" encoding="UTF-8"?>
<!-- Generated by org.testng.reporters.JUnitReportReporter -->
<testsuite skipped="0" hostname="DESKTOP-DF7DQ03" name="testNgpractice.TestNGDescriptionAndTimeoutAttributes" tests="1" failures="0" timestamp="2022-11-01T11:04:26 IST" time="19.973" errors="0">
  <testcase name="method2" time="19.973" classname="testNgpractice.TestNGDescriptionAndTimeoutAttributes"/>
  <system-out/>
</testsuite> <!-- testNgpractice.TestNGDescriptionAndTimeoutAttributes -->
