<?xml version="1.0" encoding="UTF-8"?>
<!-- Generated by org.testng.reporters.JUnitReportReporter -->
<testsuite skipped="0" hostname="DESKTOP-DF7DQ03" name="testNgpractice.InvocationCountandInvocationTimeOut" tests="1" failures="0" timestamp="2022-11-01T11:22:53 IST" time="0.029" errors="0">
  <testcase name="method1" time="0.029" classname="testNgpractice.InvocationCountandInvocationTimeOut"/>
  <system-out/>
</testsuite> <!-- testNgpractice.InvocationCountandInvocationTimeOut -->
