<?xml version="1.0" encoding="UTF-8"?>
<!-- Generated by org.testng.reporters.JUnitReportReporter -->
<testsuite skipped="0" hostname="DESKTOP-DF7DQ03" name="testNgpractice.DataProviderWithExcel" tests="3" failures="0" timestamp="2022-11-09T19:16:04 IST" time="0.016" errors="0">
  <testcase name="testmethod" time="0.016" classname="testNgpractice.DataProviderWithExcel"/>
  <system-out/>
  <testcase name="testmethod" time="0.000" classname="testNgpractice.DataProviderWithExcel"/>
  <system-out/>
  <testcase name="testmethod" time="0.000" classname="testNgpractice.DataProviderWithExcel"/>
  <system-out/>
</testsuite> <!-- testNgpractice.DataProviderWithExcel -->
