<?xml version="1.0" encoding="UTF-8"?>
<!-- Generated by org.testng.reporters.JUnitReportReporter -->
<testsuite skipped="0" hostname="DESKTOP-DF7DQ03" name="testNgpractice.ITestSuite1" tests="1" failures="0" timestamp="2022-12-17T21:31:58 IST" time="0.004" errors="0">
  <testcase name="method2" time="0.004" classname="testNgpractice.ITestSuite1"/>
  <system-out/>
</testsuite> <!-- testNgpractice.ITestSuite1 -->
