<?xml version="1.0" encoding="UTF-8"?>
<!-- Generated by org.testng.reporters.JUnitReportReporter -->
<testsuite skipped="0" hostname="DESKTOP-DF7DQ03" name="testNgpractice.GettingDataFromtextFileTodataProvider" tests="3" failures="0" timestamp="2022-11-09T21:15:31 IST" time="0.029" errors="0">
  <testcase name="method1" time="0.005" classname="testNgpractice.GettingDataFromtextFileTodataProvider"/>
  <system-out/>
  <testcase name="method1" time="0.008" classname="testNgpractice.GettingDataFromtextFileTodataProvider"/>
  <system-out/>
  <testcase name="method1" time="0.016" classname="testNgpractice.GettingDataFromtextFileTodataProvider"/>
  <system-out/>
</testsuite> <!-- testNgpractice.GettingDataFromtextFileTodataProvider -->
