<?xml version="1.0" encoding="UTF-8"?>
<!-- Generated by org.testng.reporters.JUnitReportReporter -->
<testsuite skipped="0" hostname="DESKTOP-DF7DQ03" name="testNgpractice.ParametersInSuireFilesAnnotatedMethodTesting" tests="2" failures="0" timestamp="2022-11-13T21:18:52 IST" time="0.024" errors="0">
  <testcase name="method" time="0.007" classname="testNgpractice.ParametersInSuireFilesAnnotatedMethodTesting"/>
  <system-out/>
  <testcase name="method" time="0.017" classname="testNgpractice.ParametersInSuireFilesAnnotatedMethodTesting"/>
  <system-out/>
</testsuite> <!-- testNgpractice.ParametersInSuireFilesAnnotatedMethodTesting -->
