<?xml version="1.0" encoding="UTF-8"?>
<!-- Generated by org.testng.reporters.JUnitReportReporter -->
<testsuite skipped="0" hostname="DESKTOP-DF7DQ03" name="testNgpractice.FactoryAnnotationSampleClass1" tests="4" failures="0" timestamp="2022-11-11T20:35:55 IST" time="0.015" errors="0">
  <testcase name="secondMethod" time="0.015" classname="testNgpractice.FactoryAnnotationSampleClass1"/>
  <system-out/>
  <testcase name="secondMethod" time="0.000" classname="testNgpractice.FactoryAnnotationSampleClass1"/>
  <system-out/>
  <testcase name="firstMethod" time="0.000" classname="testNgpractice.FactoryAnnotationSampleClass1"/>
  <system-out/>
  <testcase name="firstMethod" time="0.000" classname="testNgpractice.FactoryAnnotationSampleClass1"/>
  <system-out/>
</testsuite> <!-- testNgpractice.FactoryAnnotationSampleClass1 -->
