<?xml version="1.0" encoding="UTF-8"?>
<!-- Generated by org.testng.reporters.JUnitReportReporter -->
<testsuite skipped="0" hostname="DESKTOP-DF7DQ03" name="testNgpractice.TextFileDataProviderl" tests="4" failures="0" timestamp="2022-12-15T16:45:18 IST" time="0.020" errors="0">
  <testcase name="testingTextfileData" time="0.003" classname="testNgpractice.TextFileDataProviderl"/>
  <system-out/>
  <testcase name="testingTextfileData" time="0.011" classname="testNgpractice.TextFileDataProviderl"/>
  <system-out/>
  <testcase name="testingTextfileData" time="0.002" classname="testNgpractice.TextFileDataProviderl"/>
  <system-out/>
  <testcase name="testingTextfileData" time="0.004" classname="testNgpractice.TextFileDataProviderl"/>
  <system-out/>
</testsuite> <!-- testNgpractice.TextFileDataProviderl -->
