<?xml version="1.0" encoding="UTF-8"?>
<!-- Generated by org.testng.reporters.JUnitReportReporter -->
<testsuite skipped="0" hostname="DESKTOP-DF7DQ03" name="testNgpractice.FactoryAnnotationTesting" tests="1" failures="0" timestamp="2022-11-11T20:25:40 IST" time="0.015" errors="0">
  <testcase name="method" time="0.015" classname="testNgpractice.FactoryAnnotationTesting"/>
  <system-out/>
</testsuite> <!-- testNgpractice.FactoryAnnotationTesting -->
